<?xml version="1.0" encoding="UTF-8"?>
<!-- Generated by org.testng.reporters.JUnitXMLReporter -->
<testsuite ignored="0" hostname="DTLPHY20" failures="0" tests="1" name="Firefoxtest" time="0.109" errors="0" timestamp="2024-08-12T09:18:40 IST">
  <testcase classname="Parameterization1.paralleltesting1" name="@BeforeClass setup" time="-1.723434520838E9">
    <failure type="org.testng.TestNGException" message="
Parameter &amp;apos;url&amp;apos; is required by BeforeClass on method setup but has not been marked @Optional or defined
in C:\Users\DTLPHY20\April\demo\src\test\java\Parameterization1\testng.xml">
      <![CDATA[org.testng.TestNGException: 
Parameter 'url' is required by BeforeClass on method setup but has not been marked @Optional or defined
in C:\Users\DTLPHY20\April\demo\src\test\java\Parameterization1\testng.xml
at java.base/java.util.ArrayList.forEach(ArrayList.java:1597)
at java.base/java.util.concurrent.FutureTask.run(FutureTask.java:317)
at java.base/java.util.concurrent.ThreadPoolExecutor.runWorker(ThreadPoolExecutor.java:1144)
at java.base/java.util.concurrent.ThreadPoolExecutor$Worker.run(ThreadPoolExecutor.java:642)
at java.base/java.lang.Thread.run(Thread.java:1570)
... Removed 13 stack frames]]>
    </failure>
  </testcase> <!-- @BeforeClass setup -->
  <testcase classname="Parameterization1.paralleltesting1" name="@AfterClass teardown" time="-1.723434520908E9">
    <skipped/>
  </testcase> <!-- @AfterClass teardown -->
  <testcase classname="Parameterization1.paralleltesting1" name="login" time="0.0">
    <skipped/>
  </testcase> <!-- login -->
</testsuite> <!-- Firefoxtest -->
