<?xml version="1.0" encoding="UTF-8"?>
<!-- Generated by org.testng.reporters.JUnitXMLReporter -->
<testsuite ignored="0" hostname="DTLPHY20" failures="0" tests="6" name="Test2" time="0.216" errors="0" timestamp="2024-07-09T15:29:24 IST">
  <testcase classname="Practice_All.practice2Parallel" name="@BeforeClass setup" time="-1.720519163795E9">
    <failure type="org.testng.TestNGException" message="
Parameter &amp;apos;browsers&amp;apos; is required by BeforeClass on method setup but has not been marked @Optional or defined
in C:\Users\DTLPHY20\April\demo\src\test\java\Practice_All\testng.xml">
      <![CDATA[org.testng.TestNGException: 
Parameter 'browsers' is required by BeforeClass on method setup but has not been marked @Optional or defined
in C:\Users\DTLPHY20\April\demo\src\test\java\Practice_All\testng.xml
at java.base/java.util.ArrayList.forEach(ArrayList.java:1597)
at java.base/java.util.concurrent.FutureTask.run(FutureTask.java:317)
at java.base/java.util.concurrent.ThreadPoolExecutor.runWorker(ThreadPoolExecutor.java:1144)
at java.base/java.util.concurrent.ThreadPoolExecutor$Worker.run(ThreadPoolExecutor.java:642)
at java.base/java.lang.Thread.run(Thread.java:1570)
... Removed 13 stack frames]]>
    </failure>
  </testcase> <!-- @BeforeClass setup -->
  <testcase classname="Practice_All.practice2Parallel" name="@BeforeClass setup" time="-1.720519163795E9">
    <failure type="org.testng.TestNGException" message="
Parameter &amp;apos;browsers&amp;apos; is required by BeforeClass on method setup but has not been marked @Optional or defined
in C:\Users\DTLPHY20\April\demo\src\test\java\Practice_All\testng.xml">
      <![CDATA[org.testng.TestNGException: 
Parameter 'browsers' is required by BeforeClass on method setup but has not been marked @Optional or defined
in C:\Users\DTLPHY20\April\demo\src\test\java\Practice_All\testng.xml
at java.base/java.util.ArrayList.forEach(ArrayList.java:1597)
at java.base/java.util.concurrent.FutureTask.run(FutureTask.java:317)
at java.base/java.util.concurrent.ThreadPoolExecutor.runWorker(ThreadPoolExecutor.java:1144)
at java.base/java.util.concurrent.ThreadPoolExecutor$Worker.run(ThreadPoolExecutor.java:642)
at java.base/java.lang.Thread.run(Thread.java:1570)
... Removed 13 stack frames]]>
    </failure>
  </testcase> <!-- @BeforeClass setup -->
  <testcase classname="Practice_All.practice2Parallel" name="@AfterClass submit" time="-1.720519163965E9">
    <skipped/>
  </testcase> <!-- @AfterClass submit -->
  <testcase classname="Practice_All.practice2Parallel" name="@AfterClass submit" time="-1.720519164025E9">
    <skipped/>
  </testcase> <!-- @AfterClass submit -->
  <testcase classname="Practice_All.practice2Parallel" name="launch" time="0.0">
    <skipped/>
  </testcase> <!-- launch -->
  <testcase classname="Practice_All.practice2Parallel" name="register" time="0.0">
    <skipped/>
  </testcase> <!-- register -->
  <testcase classname="Practice_All.practice2Parallel" name="contact" time="0.0">
    <skipped/>
  </testcase> <!-- contact -->
  <testcase classname="Practice_All.practice2Parallel" name="psldetails" time="0.0">
    <skipped/>
  </testcase> <!-- psldetails -->
  <testcase classname="Practice_All.practice2Parallel" name="hobbies" time="0.0">
    <skipped/>
  </testcase> <!-- hobbies -->
  <testcase classname="Practice_All.practice2Parallel" name="password" time="0.0">
    <skipped/>
  </testcase> <!-- password -->
</testsuite> <!-- Test2 -->
